# JRE version: OpenJDK Runtime Environment Temurin-17.0.7+7 (17.0.7+7) (build 17.0.7+7)
# Java VM: OpenJDK 64-Bit Server VM Temurin-17.0.7+7 (17.0.7+7, mixed mode, tiered, compressed oops, compressed class ptrs, g1 gc, windows-amd64)
GC Precious Log:
 CPUs: 4 total, 4 available
 Memory: 7975M
 Large Page Support: Disabled
 NUMA Support: Disabled
 Compressed Oops: Enabled (32-bit)
 Heap Region Size: 1M
 Heap Min Capacity: 8M
 Heap Initial Capacity: 126M
 Heap Max Capacity: 2G
 Pre-touch: Disabled
 Parallel Workers: 4
 Concurrent Workers: 1
 Concurrent Refinement Workers: 4
 Periodic GC: Disabled
Heap:
 garbage-first heap   total 98304K, used 49947K [0x0000000080000000, 0x0000000100000000)
  region size 1024K, 18 young (18432K), 5 survivors (5120K)
 Metaspace       used 44222K, committed 44736K, reserved 1114112K
  class space    used 4888K, committed 5120K, reserved 1048576K
GC Heap History (20 events):
Event: 2.720 GC heap before
{Heap before GC invocations=4 (full 0):
 garbage-first heap   total 129024K, used 31029K [0x0000000080000000, 0x0000000100000000)
  region size 1024K, 17 young (17408K), 8 survivors (8192K)
 Metaspace       used 21320K, committed 21504K, reserved 1114112K
  class space    used 2235K, committed 2304K, reserved 1048576K
}
Event: 2.727 GC heap after
{Heap after GC invocations=5 (full 0):
 garbage-first heap   total 129024K, used 22178K [0x0000000080000000, 0x0000000100000000)
  region size 1024K, 6 young (6144K), 6 survivors (6144K)
 Metaspace       used 21320K, committed 21504K, reserved 1114112K
  class space    used 2235K, committed 2304K, reserved 1048576K
}
Event: 3.092 GC heap before
{Heap before GC invocations=6 (full 0):
 garbage-first heap   total 81920K, used 64162K [0x0000000080000000, 0x0000000100000000)
  region size 1024K, 48 young (49152K), 6 survivors (6144K)
 Metaspace       used 22103K, committed 22336K, reserved 1114112K
  class space    used 2310K, committed 2432K, reserved 1048576K
}
Event: 3.102 GC heap after
{Heap after GC invocations=7 (full 0):
 garbage-first heap   total 81920K, used 22656K [0x0000000080000000, 0x0000000100000000)
  region size 1024K, 2 young (2048K), 2 survivors (2048K)
 Metaspace       used 22103K, committed 22336K, reserved 1114112K
  class space    used 2310K, committed 2432K, reserved 1048576K
}
Event: 3.915 GC heap before
{Heap before GC invocations=7 (full 0):
 garbage-first heap   total 81920K, used 58496K [0x0000000080000000, 0x0000000100000000)
  region size 1024K, 37 young (37888K), 2 survivors (2048K)
 Metaspace       used 26382K, committed 26688K, reserved 1114112K
  class space    used 2748K, committed 2880K, reserved 1048576K
}
Event: 3.924 GC heap after
{Heap after GC invocations=8 (full 0):
 garbage-first heap   total 81920K, used 26134K [0x0000000080000000, 0x0000000100000000)
  region size 1024K, 5 young (5120K), 5 survivors (5120K)
 Metaspace       used 26382K, committed 26688K, reserved 1114112K
  class space    used 2748K, committed 2880K, reserved 1048576K
}
Event: 4.516 GC heap before
{Heap before GC invocations=8 (full 0):
 garbage-first heap   total 81920K, used 59926K [0x0000000080000000, 0x0000000100000000)
  region size 1024K, 38 young (38912K), 5 survivors (5120K)
 Metaspace       used 30614K, committed 30976K, reserved 1114112K
  class space    used 3270K, committed 3456K, reserved 1048576K
}
Event: 4.526 GC heap after
{Heap after GC invocations=9 (full 0):
 garbage-first heap   total 81920K, used 27618K [0x0000000080000000, 0x0000000100000000)
  region size 1024K, 2 young (2048K), 2 survivors (2048K)
 Metaspace       used 30614K, committed 30976K, reserved 1114112K
  class space    used 3270K, committed 3456K, reserved 1048576K
}
Event: 4.739 GC heap before
{Heap before GC invocations=9 (full 0):
 garbage-first heap   total 81920K, used 64482K [0x0000000080000000, 0x0000000100000000)
  region size 1024K, 35 young (35840K), 2 survivors (2048K)
 Metaspace       used 31824K, committed 32192K, reserved 1114112K
  class space    used 3350K, committed 3520K, reserved 1048576K
}
Event: 4.743 GC heap after
{Heap after GC invocations=10 (full 0):
 garbage-first heap   total 81920K, used 28061K [0x0000000080000000, 0x0000000100000000)
  region size 1024K, 3 young (3072K), 3 survivors (3072K)
 Metaspace       used 31824K, committed 32192K, reserved 1114112K
  class space    used 3350K, committed 3520K, reserved 1048576K
}
Event: 5.101 GC heap before
{Heap before GC invocations=10 (full 0):
 garbage-first heap   total 81920K, used 62877K [0x0000000080000000, 0x0000000100000000)
  region size 1024K, 37 young (37888K), 3 survivors (3072K)
 Metaspace       used 32110K, committed 32512K, reserved 1114112K
  class space    used 3375K, committed 3584K, reserved 1048576K
}
Event: 5.106 GC heap after
{Heap after GC invocations=11 (full 0):
 garbage-first heap   total 98304K, used 28642K [0x0000000080000000, 0x0000000100000000)
  region size 1024K, 3 young (3072K), 3 survivors (3072K)
 Metaspace       used 32110K, committed 32512K, reserved 1114112K
  class space    used 3375K, committed 3584K, reserved 1048576K
}
Event: 5.696 GC heap before
{Heap before GC invocations=11 (full 0):
 garbage-first heap   total 98304K, used 76770K [0x0000000080000000, 0x0000000100000000)
  region size 1024K, 50 young (51200K), 3 survivors (3072K)
 Metaspace       used 34263K, committed 34624K, reserved 1114112K
  class space    used 3613K, committed 3776K, reserved 1048576K
}
Event: 5.707 GC heap after
{Heap after GC invocations=12 (full 0):
 garbage-first heap   total 98304K, used 31714K [0x0000000080000000, 0x0000000100000000)
  region size 1024K, 6 young (6144K), 6 survivors (6144K)
 Metaspace       used 34263K, committed 34624K, reserved 1114112K
  class space    used 3613K, committed 3776K, reserved 1048576K
}
Event: 6.563 GC heap before
{Heap before GC invocations=12 (full 0):
 garbage-first heap   total 98304K, used 55266K [0x0000000080000000, 0x0000000100000000)
  region size 1024K, 30 young (30720K), 6 survivors (6144K)
 Metaspace       used 35467K, committed 35968K, reserved 1114112K
  class space    used 3758K, committed 4032K, reserved 1048576K
}
Event: 6.575 GC heap after
{Heap after GC invocations=13 (full 0):
 garbage-first heap   total 98304K, used 33395K [0x0000000080000000, 0x0000000100000000)
  region size 1024K, 6 young (6144K), 6 survivors (6144K)
 Metaspace       used 35467K, committed 35968K, reserved 1114112K
  class space    used 3758K, committed 4032K, reserved 1048576K
}
Event: 7.961 GC heap before
{Heap before GC invocations=14 (full 0):
 garbage-first heap   total 98304K, used 77427K [0x0000000080000000, 0x0000000100000000)
  region size 1024K, 49 young (50176K), 6 survivors (6144K)
 Metaspace       used 42227K, committed 42688K, reserved 1114112K
  class space    used 4693K, committed 4928K, reserved 1048576K
}
Event: 7.974 GC heap after
{Heap after GC invocations=15 (full 0):
 garbage-first heap   total 98304K, used 36468K [0x0000000080000000, 0x0000000100000000)
  region size 1024K, 5 young (5120K), 5 survivors (5120K)
 Metaspace       used 42227K, committed 42688K, reserved 1114112K
  class space    used 4693K, committed 4928K, reserved 1048576K
}
Event: 12.361 GC heap before
{Heap before GC invocations=15 (full 0):
 garbage-first heap   total 98304K, used 77428K [0x0000000080000000, 0x0000000100000000)
  region size 1024K, 46 young (47104K), 5 survivors (5120K)
 Metaspace       used 44092K, committed 44608K, reserved 1114112K
  class space    used 4882K, committed 5120K, reserved 1048576K
}
Event: 12.370 GC heap after
{Heap after GC invocations=16 (full 0):
 garbage-first heap   total 98304K, used 37659K [0x0000000080000000, 0x0000000100000000)
  region size 1024K, 5 young (5120K), 5 survivors (5120K)
 Metaspace       used 44092K, committed 44608K, reserved 1114112K
  class space    used 4882K, committed 5120K, reserved 1048576K
}

