# JRE version: OpenJDK Runtime Environment Temurin-17.0.7+7 (17.0.7+7) (build 17.0.7+7)
# Java VM: OpenJDK 64-Bit Server VM Temurin-17.0.7+7 (17.0.7+7, mixed mode, tiered, compressed oops, compressed class ptrs, g1 gc, windows-amd64)
GC Precious Log:
 CPUs: 4 total, 4 available
 Memory: 7975M
 Large Page Support: Disabled
 NUMA Support: Disabled
 Compressed Oops: Enabled (32-bit)
 Heap Region Size: 1M
 Heap Min Capacity: 8M
 Heap Initial Capacity: 126M
 Heap Max Capacity: 2G
 Pre-touch: Disabled
 Parallel Workers: 4
 Concurrent Workers: 1
 Concurrent Refinement Workers: 4
 Periodic GC: Disabled
Heap:
 garbage-first heap   total 122880K, used 84835K [0x0000000080000000, 0x0000000100000000)
  region size 1024K, 61 young (62464K), 8 survivors (8192K)
 Metaspace       used 43183K, committed 43712K, reserved 1114112K
  class space    used 4806K, committed 5056K, reserved 1048576K
GC Heap History (20 events):
Event: 0.587 GC heap before
{Heap before GC invocations=1 (full 0):
 garbage-first heap   total 129024K, used 20491K [0x0000000080000000, 0x0000000100000000)
  region size 1024K, 11 young (11264K), 2 survivors (2048K)
 Metaspace       used 6766K, committed 6976K, reserved 1114112K
  class space    used 524K, committed 640K, reserved 1048576K
}
Event: 0.590 GC heap after
{Heap after GC invocations=2 (full 0):
 garbage-first heap   total 129024K, used 13703K [0x0000000080000000, 0x0000000100000000)
  region size 1024K, 2 young (2048K), 2 survivors (2048K)
 Metaspace       used 6766K, committed 6976K, reserved 1114112K
  class space    used 524K, committed 640K, reserved 1048576K
}
Event: 1.344 GC heap before
{Heap before GC invocations=2 (full 0):
 garbage-first heap   total 129024K, used 29063K [0x0000000080000000, 0x0000000100000000)
  region size 1024K, 18 young (18432K), 2 survivors (2048K)
 Metaspace       used 10508K, committed 10624K, reserved 1114112K
  class space    used 891K, committed 960K, reserved 1048576K
}
Event: 1.347 GC heap after
{Heap after GC invocations=3 (full 0):
 garbage-first heap   total 129024K, used 15612K [0x0000000080000000, 0x0000000100000000)
  region size 1024K, 3 young (3072K), 3 survivors (3072K)
 Metaspace       used 10508K, committed 10624K, reserved 1114112K
  class space    used 891K, committed 960K, reserved 1048576K
}
Event: 2.119 GC heap before
{Heap before GC invocations=3 (full 0):
 garbage-first heap   total 129024K, used 78076K [0x0000000080000000, 0x0000000100000000)
  region size 1024K, 63 young (64512K), 3 survivors (3072K)
 Metaspace       used 20087K, committed 20288K, reserved 1114112K
  class space    used 2014K, committed 2112K, reserved 1048576K
}
Event: 2.128 GC heap after
{Heap after GC invocations=4 (full 0):
 garbage-first heap   total 129024K, used 22155K [0x0000000080000000, 0x0000000100000000)
  region size 1024K, 8 young (8192K), 8 survivors (8192K)
 Metaspace       used 20087K, committed 20288K, reserved 1114112K
  class space    used 2014K, committed 2112K, reserved 1048576K
}
Event: 2.221 GC heap before
{Heap before GC invocations=4 (full 0):
 garbage-first heap   total 129024K, used 31371K [0x0000000080000000, 0x0000000100000000)
  region size 1024K, 18 young (18432K), 8 survivors (8192K)
 Metaspace       used 21375K, committed 21504K, reserved 1114112K
  class space    used 2242K, committed 2304K, reserved 1048576K
}
Event: 2.226 GC heap after
{Heap after GC invocations=5 (full 0):
 garbage-first heap   total 129024K, used 21046K [0x0000000080000000, 0x0000000100000000)
  region size 1024K, 6 young (6144K), 6 survivors (6144K)
 Metaspace       used 21375K, committed 21504K, reserved 1114112K
  class space    used 2242K, committed 2304K, reserved 1048576K
}
Event: 2.420 GC heap before
{Heap before GC invocations=6 (full 0):
 garbage-first heap   total 78848K, used 60982K [0x0000000080000000, 0x0000000100000000)
  region size 1024K, 46 young (47104K), 6 survivors (6144K)
 Metaspace       used 22089K, committed 22336K, reserved 1114112K
  class space    used 2311K, committed 2432K, reserved 1048576K
}
Event: 2.429 GC heap after
{Heap after GC invocations=7 (full 0):
 garbage-first heap   total 78848K, used 22204K [0x0000000080000000, 0x0000000100000000)
  region size 1024K, 2 young (2048K), 2 survivors (2048K)
 Metaspace       used 22089K, committed 22336K, reserved 1114112K
  class space    used 2311K, committed 2432K, reserved 1048576K
}
Event: 2.431 GC heap before
{Heap before GC invocations=7 (full 0):
 garbage-first heap   total 78848K, used 23228K [0x0000000080000000, 0x0000000100000000)
  region size 1024K, 3 young (3072K), 2 survivors (2048K)
 Metaspace       used 22089K, committed 22336K, reserved 1114112K
  class space    used 2311K, committed 2432K, reserved 1048576K
}
Event: 2.434 GC heap after
{Heap after GC invocations=8 (full 0):
 garbage-first heap   total 78848K, used 22318K [0x0000000080000000, 0x0000000100000000)
  region size 1024K, 1 young (1024K), 1 survivors (1024K)
 Metaspace       used 22089K, committed 22336K, reserved 1114112K
  class space    used 2311K, committed 2432K, reserved 1048576K
}
Event: 2.924 GC heap before
{Heap before GC invocations=8 (full 0):
 garbage-first heap   total 78848K, used 57134K [0x0000000080000000, 0x0000000100000000)
  region size 1024K, 35 young (35840K), 1 survivors (1024K)
 Metaspace       used 26354K, committed 26688K, reserved 1114112K
  class space    used 2750K, committed 2880K, reserved 1048576K
}
Event: 2.929 GC heap after
{Heap after GC invocations=9 (full 0):
 garbage-first heap   total 78848K, used 25629K [0x0000000080000000, 0x0000000100000000)
  region size 1024K, 4 young (4096K), 4 survivors (4096K)
 Metaspace       used 26354K, committed 26688K, reserved 1114112K
  class space    used 2750K, committed 2880K, reserved 1048576K
}
Event: 3.439 GC heap before
{Heap before GC invocations=9 (full 0):
 garbage-first heap   total 78848K, used 57373K [0x0000000080000000, 0x0000000100000000)
  region size 1024K, 35 young (35840K), 4 survivors (4096K)
 Metaspace       used 30575K, committed 30976K, reserved 1114112K
  class space    used 3271K, committed 3456K, reserved 1048576K
}
Event: 3.445 GC heap after
{Heap after GC invocations=10 (full 0):
 garbage-first heap   total 173056K, used 27087K [0x0000000080000000, 0x0000000100000000)
  region size 1024K, 2 young (2048K), 2 survivors (2048K)
 Metaspace       used 30575K, committed 30976K, reserved 1114112K
  class space    used 3271K, committed 3456K, reserved 1048576K
}
Event: 3.887 GC heap before
{Heap before GC invocations=10 (full 0):
 garbage-first heap   total 173056K, used 130511K [0x0000000080000000, 0x0000000100000000)
  region size 1024K, 101 young (103424K), 2 survivors (2048K)
 Metaspace       used 32126K, committed 32512K, reserved 1114112K
  class space    used 3380K, committed 3584K, reserved 1048576K
}
Event: 3.893 GC heap after
{Heap after GC invocations=11 (full 0):
 garbage-first heap   total 173056K, used 30002K [0x0000000080000000, 0x0000000100000000)
  region size 1024K, 5 young (5120K), 5 survivors (5120K)
 Metaspace       used 32126K, committed 32512K, reserved 1114112K
  class space    used 3380K, committed 3584K, reserved 1048576K
}
Event: 4.941 GC heap before
{Heap before GC invocations=11 (full 0):
 garbage-first heap   total 173056K, used 69938K [0x0000000080000000, 0x0000000100000000)
  region size 1024K, 45 young (46080K), 5 survivors (5120K)
 Metaspace       used 35723K, committed 36096K, reserved 1114112K
  class space    used 3800K, committed 3968K, reserved 1048576K
}
Event: 4.961 GC heap after
{Heap after GC invocations=12 (full 0):
 garbage-first heap   total 173056K, used 32611K [0x0000000080000000, 0x0000000100000000)
  region size 1024K, 8 young (8192K), 8 survivors (8192K)
 Metaspace       used 35723K, committed 36096K, reserved 1114112K
  class space    used 3800K, committed 3968K, reserved 1048576K
}

