# JRE version: OpenJDK Runtime Environment Temurin-17.0.7+7 (17.0.7+7) (build 17.0.7+7)
# Java VM: OpenJDK 64-Bit Server VM Temurin-17.0.7+7 (17.0.7+7, mixed mode, tiered, compressed oops, compressed class ptrs, g1 gc, windows-amd64)
GC Precious Log:
 CPUs: 4 total, 4 available
 Memory: 7975M
 Large Page Support: Disabled
 NUMA Support: Disabled
 Compressed Oops: Enabled (32-bit)
 Heap Region Size: 1M
 Heap Min Capacity: 8M
 Heap Initial Capacity: 126M
 Heap Max Capacity: 2G
 Pre-touch: Disabled
 Parallel Workers: 4
 Concurrent Workers: 1
 Concurrent Refinement Workers: 4
 Periodic GC: Disabled
Heap:
 garbage-first heap   total 98304K, used 71122K [0x0000000080000000, 0x0000000100000000)
  region size 1024K, 36 young (36864K), 2 survivors (2048K)
 Metaspace       used 44687K, committed 45248K, reserved 1114112K
  class space    used 4905K, committed 5184K, reserved 1048576K
GC Heap History (20 events):
Event: 3.893 GC heap before
{Heap before GC invocations=5 (full 0):
 garbage-first heap   total 81920K, used 63974K [0x0000000080000000, 0x0000000100000000)
  region size 1024K, 48 young (49152K), 8 survivors (8192K)
 Metaspace       used 22121K, committed 22400K, reserved 1114112K
  class space    used 2309K, committed 2432K, reserved 1048576K
}
Event: 3.906 GC heap after
{Heap after GC invocations=6 (full 0):
 garbage-first heap   total 81920K, used 22357K [0x0000000080000000, 0x0000000100000000)
  region size 1024K, 2 young (2048K), 2 survivors (2048K)
 Metaspace       used 22121K, committed 22400K, reserved 1114112K
  class space    used 2309K, committed 2432K, reserved 1048576K
}
Event: 4.494 GC heap before
{Heap before GC invocations=6 (full 0):
 garbage-first heap   total 81920K, used 56149K [0x0000000080000000, 0x0000000100000000)
  region size 1024K, 35 young (35840K), 2 survivors (2048K)
 Metaspace       used 25356K, committed 25664K, reserved 1114112K
  class space    used 2639K, committed 2816K, reserved 1048576K
}
Event: 4.500 GC heap after
{Heap after GC invocations=7 (full 0):
 garbage-first heap   total 81920K, used 24293K [0x0000000080000000, 0x0000000100000000)
  region size 1024K, 4 young (4096K), 4 survivors (4096K)
 Metaspace       used 25356K, committed 25664K, reserved 1114112K
  class space    used 2639K, committed 2816K, reserved 1048576K
}
Event: 5.505 GC heap before
{Heap before GC invocations=7 (full 0):
 garbage-first heap   total 81920K, used 58085K [0x0000000080000000, 0x0000000100000000)
  region size 1024K, 37 young (37888K), 4 survivors (4096K)
 Metaspace       used 30612K, committed 30976K, reserved 1114112K
  class space    used 3268K, committed 3456K, reserved 1048576K
}
Event: 5.513 GC heap after
{Heap after GC invocations=8 (full 0):
 garbage-first heap   total 81920K, used 26881K [0x0000000080000000, 0x0000000100000000)
  region size 1024K, 5 young (5120K), 5 survivors (5120K)
 Metaspace       used 30612K, committed 30976K, reserved 1114112K
  class space    used 3268K, committed 3456K, reserved 1048576K
}
Event: 5.738 GC heap before
{Heap before GC invocations=8 (full 0):
 garbage-first heap   total 81920K, used 62721K [0x0000000080000000, 0x0000000100000000)
  region size 1024K, 38 young (38912K), 5 survivors (5120K)
 Metaspace       used 31824K, committed 32192K, reserved 1114112K
  class space    used 3346K, committed 3520K, reserved 1048576K
}
Event: 5.747 GC heap after
{Heap after GC invocations=9 (full 0):
 garbage-first heap   total 81920K, used 27233K [0x0000000080000000, 0x0000000100000000)
  region size 1024K, 3 young (3072K), 3 survivors (3072K)
 Metaspace       used 31824K, committed 32192K, reserved 1114112K
  class space    used 3346K, committed 3520K, reserved 1048576K
}
Event: 5.971 GC heap before
{Heap before GC invocations=9 (full 0):
 garbage-first heap   total 81920K, used 62049K [0x0000000080000000, 0x0000000100000000)
  region size 1024K, 37 young (37888K), 3 survivors (3072K)
 Metaspace       used 32039K, committed 32384K, reserved 1114112K
  class space    used 3368K, committed 3520K, reserved 1048576K
}
Event: 5.978 GC heap after
{Heap after GC invocations=10 (full 0):
 garbage-first heap   total 98304K, used 28165K [0x0000000080000000, 0x0000000100000000)
  region size 1024K, 2 young (2048K), 2 survivors (2048K)
 Metaspace       used 32039K, committed 32384K, reserved 1114112K
  class space    used 3368K, committed 3520K, reserved 1048576K
}
Event: 6.625 GC heap before
{Heap before GC invocations=10 (full 0):
 garbage-first heap   total 98304K, used 74245K [0x0000000080000000, 0x0000000100000000)
  region size 1024K, 47 young (48128K), 2 survivors (2048K)
 Metaspace       used 33987K, committed 34432K, reserved 1114112K
  class space    used 3587K, committed 3776K, reserved 1048576K
}
Event: 6.633 GC heap after
{Heap after GC invocations=11 (full 0):
 garbage-first heap   total 98304K, used 30906K [0x0000000080000000, 0x0000000100000000)
  region size 1024K, 4 young (4096K), 4 survivors (4096K)
 Metaspace       used 33987K, committed 34432K, reserved 1114112K
  class space    used 3587K, committed 3776K, reserved 1048576K
}
Event: 7.387 GC heap before
{Heap before GC invocations=11 (full 0):
 garbage-first heap   total 98304K, used 58554K [0x0000000080000000, 0x0000000100000000)
  region size 1024K, 32 young (32768K), 4 survivors (4096K)
 Metaspace       used 35514K, committed 35968K, reserved 1114112K
  class space    used 3762K, committed 3968K, reserved 1048576K
}
Event: 7.399 GC heap after
{Heap after GC invocations=12 (full 0):
 garbage-first heap   total 98304K, used 32852K [0x0000000080000000, 0x0000000100000000)
  region size 1024K, 2 young (2048K), 2 survivors (2048K)
 Metaspace       used 35514K, committed 35968K, reserved 1114112K
  class space    used 3762K, committed 3968K, reserved 1048576K
}
Event: 8.639 GC heap before
{Heap before GC invocations=13 (full 0):
 garbage-first heap   total 98304K, used 75860K [0x0000000080000000, 0x0000000100000000)
  region size 1024K, 45 young (46080K), 2 survivors (2048K)
 Metaspace       used 42163K, committed 42688K, reserved 1114112K
  class space    used 4679K, committed 4928K, reserved 1048576K
}
Event: 8.648 GC heap after
{Heap after GC invocations=14 (full 0):
 garbage-first heap   total 98304K, used 35465K [0x0000000080000000, 0x0000000100000000)
  region size 1024K, 5 young (5120K), 5 survivors (5120K)
 Metaspace       used 42163K, committed 42688K, reserved 1114112K
  class space    used 4679K, committed 4928K, reserved 1048576K
}
Event: 13.656 GC heap before
{Heap before GC invocations=14 (full 0):
 garbage-first heap   total 98304K, used 76425K [0x0000000080000000, 0x0000000100000000)
  region size 1024K, 45 young (46080K), 5 survivors (5120K)
 Metaspace       used 43747K, committed 44288K, reserved 1114112K
  class space    used 4853K, committed 5120K, reserved 1048576K
}
Event: 13.667 GC heap after
{Heap after GC invocations=15 (full 0):
 garbage-first heap   total 98304K, used 36488K [0x0000000080000000, 0x0000000100000000)
  region size 1024K, 4 young (4096K), 4 survivors (4096K)
 Metaspace       used 43747K, committed 44288K, reserved 1114112K
  class space    used 4853K, committed 5120K, reserved 1048576K
}
Event: 16.453 GC heap before
{Heap before GC invocations=15 (full 0):
 garbage-first heap   total 98304K, used 78472K [0x0000000080000000, 0x0000000100000000)
  region size 1024K, 45 young (46080K), 4 survivors (4096K)
 Metaspace       used 44305K, committed 44864K, reserved 1114112K
  class space    used 4892K, committed 5184K, reserved 1048576K
}
Event: 16.462 GC heap after
{Heap after GC invocations=16 (full 0):
 garbage-first heap   total 98304K, used 37330K [0x0000000080000000, 0x0000000100000000)
  region size 1024K, 2 young (2048K), 2 survivors (2048K)
 Metaspace       used 44305K, committed 44864K, reserved 1114112K
  class space    used 4892K, committed 5184K, reserved 1048576K
}

