# JRE version: OpenJDK Runtime Environment Temurin-17.0.7+7 (17.0.7+7) (build 17.0.7+7)
# Java VM: OpenJDK 64-Bit Server VM Temurin-17.0.7+7 (17.0.7+7, mixed mode, tiered, compressed oops, compressed class ptrs, g1 gc, windows-amd64)
GC Precious Log:
 CPUs: 4 total, 4 available
 Memory: 7975M
 Large Page Support: Disabled
 NUMA Support: Disabled
 Compressed Oops: Enabled (32-bit)
 Heap Region Size: 1M
 Heap Min Capacity: 8M
 Heap Initial Capacity: 126M
 Heap Max Capacity: 2G
 Pre-touch: Disabled
 Parallel Workers: 4
 Concurrent Workers: 1
 Concurrent Refinement Workers: 4
 Periodic GC: Disabled
Heap:
 garbage-first heap   total 98304K, used 66258K [0x0000000080000000, 0x0000000100000000)
  region size 1024K, 37 young (37888K), 6 survivors (6144K)
 Metaspace       used 43689K, committed 44224K, reserved 1114112K
  class space    used 4845K, committed 5120K, reserved 1048576K
GC Heap History (20 events):
Event: 2.939 GC heap before
{Heap before GC invocations=2 (full 0):
 garbage-first heap   total 129024K, used 30630K [0x0000000080000000, 0x0000000100000000)
  region size 1024K, 19 young (19456K), 2 survivors (2048K)
 Metaspace       used 10573K, committed 10752K, reserved 1114112K
  class space    used 903K, committed 960K, reserved 1048576K
}
Event: 2.943 GC heap after
{Heap after GC invocations=3 (full 0):
 garbage-first heap   total 129024K, used 16111K [0x0000000080000000, 0x0000000100000000)
  region size 1024K, 3 young (3072K), 3 survivors (3072K)
 Metaspace       used 10573K, committed 10752K, reserved 1114112K
  class space    used 903K, committed 960K, reserved 1048576K
}
Event: 4.443 GC heap before
{Heap before GC invocations=3 (full 0):
 garbage-first heap   total 129024K, used 85743K [0x0000000080000000, 0x0000000100000000)
  region size 1024K, 71 young (72704K), 3 survivors (3072K)
 Metaspace       used 21322K, committed 21504K, reserved 1114112K
  class space    used 2222K, committed 2304K, reserved 1048576K
}
Event: 4.453 GC heap after
{Heap after GC invocations=4 (full 0):
 garbage-first heap   total 129024K, used 23118K [0x0000000080000000, 0x0000000100000000)
  region size 1024K, 8 young (8192K), 8 survivors (8192K)
 Metaspace       used 21322K, committed 21504K, reserved 1114112K
  class space    used 2222K, committed 2304K, reserved 1048576K
}
Event: 4.881 GC heap before
{Heap before GC invocations=5 (full 0):
 garbage-first heap   total 81920K, used 64078K [0x0000000080000000, 0x0000000100000000)
  region size 1024K, 48 young (49152K), 8 survivors (8192K)
 Metaspace       used 22145K, committed 22400K, reserved 1114112K
  class space    used 2310K, committed 2432K, reserved 1048576K
}
Event: 4.895 GC heap after
{Heap after GC invocations=6 (full 0):
 garbage-first heap   total 81920K, used 22396K [0x0000000080000000, 0x0000000100000000)
  region size 1024K, 2 young (2048K), 2 survivors (2048K)
 Metaspace       used 22145K, committed 22400K, reserved 1114112K
  class space    used 2310K, committed 2432K, reserved 1048576K
}
Event: 5.598 GC heap before
{Heap before GC invocations=6 (full 0):
 garbage-first heap   total 81920K, used 56188K [0x0000000080000000, 0x0000000100000000)
  region size 1024K, 35 young (35840K), 2 survivors (2048K)
 Metaspace       used 24967K, committed 25280K, reserved 1114112K
  class space    used 2607K, committed 2752K, reserved 1048576K
}
Event: 5.606 GC heap after
{Heap after GC invocations=7 (full 0):
 garbage-first heap   total 81920K, used 24336K [0x0000000080000000, 0x0000000100000000)
  region size 1024K, 4 young (4096K), 4 survivors (4096K)
 Metaspace       used 24967K, committed 25280K, reserved 1114112K
  class space    used 2607K, committed 2752K, reserved 1048576K
}
Event: 6.524 GC heap before
{Heap before GC invocations=7 (full 0):
 garbage-first heap   total 81920K, used 59152K [0x0000000080000000, 0x0000000100000000)
  region size 1024K, 38 young (38912K), 4 survivors (4096K)
 Metaspace       used 30649K, committed 31040K, reserved 1114112K
  class space    used 3271K, committed 3456K, reserved 1048576K
}
Event: 6.533 GC heap after
{Heap after GC invocations=8 (full 0):
 garbage-first heap   total 81920K, used 26786K [0x0000000080000000, 0x0000000100000000)
  region size 1024K, 5 young (5120K), 5 survivors (5120K)
 Metaspace       used 30649K, committed 31040K, reserved 1114112K
  class space    used 3271K, committed 3456K, reserved 1048576K
}
Event: 6.824 GC heap before
{Heap before GC invocations=8 (full 0):
 garbage-first heap   total 81920K, used 63650K [0x0000000080000000, 0x0000000100000000)
  region size 1024K, 38 young (38912K), 5 survivors (5120K)
 Metaspace       used 31872K, committed 32256K, reserved 1114112K
  class space    used 3351K, committed 3520K, reserved 1048576K
}
Event: 6.833 GC heap after
{Heap after GC invocations=9 (full 0):
 garbage-first heap   total 81920K, used 27691K [0x0000000080000000, 0x0000000100000000)
  region size 1024K, 4 young (4096K), 4 survivors (4096K)
 Metaspace       used 31872K, committed 32256K, reserved 1114112K
  class space    used 3351K, committed 3520K, reserved 1048576K
}
Event: 7.134 GC heap before
{Heap before GC invocations=9 (full 0):
 garbage-first heap   total 81920K, used 62507K [0x0000000080000000, 0x0000000100000000)
  region size 1024K, 38 young (38912K), 4 survivors (4096K)
 Metaspace       used 32076K, committed 32448K, reserved 1114112K
  class space    used 3371K, committed 3520K, reserved 1048576K
}
Event: 7.140 GC heap after
{Heap after GC invocations=10 (full 0):
 garbage-first heap   total 81920K, used 28624K [0x0000000080000000, 0x0000000100000000)
  region size 1024K, 2 young (2048K), 2 survivors (2048K)
 Metaspace       used 32076K, committed 32448K, reserved 1114112K
  class space    used 3371K, committed 3520K, reserved 1048576K
}
Event: 7.369 GC heap before
{Heap before GC invocations=10 (full 0):
 garbage-first heap   total 81920K, used 63440K [0x0000000080000000, 0x0000000100000000)
  region size 1024K, 36 young (36864K), 2 survivors (2048K)
 Metaspace       used 32204K, committed 32640K, reserved 1114112K
  class space    used 3380K, committed 3584K, reserved 1048576K
}
Event: 7.375 GC heap after
{Heap after GC invocations=11 (full 0):
 garbage-first heap   total 98304K, used 30168K [0x0000000080000000, 0x0000000100000000)
  region size 1024K, 4 young (4096K), 4 survivors (4096K)
 Metaspace       used 32204K, committed 32640K, reserved 1114112K
  class space    used 3380K, committed 3584K, reserved 1048576K
}
Event: 8.641 GC heap before
{Heap before GC invocations=11 (full 0):
 garbage-first heap   total 98304K, used 67032K [0x0000000080000000, 0x0000000100000000)
  region size 1024K, 41 young (41984K), 4 survivors (4096K)
 Metaspace       used 35553K, committed 35968K, reserved 1114112K
  class space    used 3770K, committed 3968K, reserved 1048576K
}
Event: 8.651 GC heap after
{Heap after GC invocations=12 (full 0):
 garbage-first heap   total 98304K, used 32591K [0x0000000080000000, 0x0000000100000000)
  region size 1024K, 6 young (6144K), 6 survivors (6144K)
 Metaspace       used 35553K, committed 35968K, reserved 1114112K
  class space    used 3770K, committed 3968K, reserved 1048576K
}
Event: 10.545 GC heap before
{Heap before GC invocations=13 (full 0):
 garbage-first heap   total 98304K, used 75599K [0x0000000080000000, 0x0000000100000000)
  region size 1024K, 48 young (49152K), 6 survivors (6144K)
 Metaspace       used 42147K, committed 42688K, reserved 1114112K
  class space    used 4678K, committed 4928K, reserved 1048576K
}
Event: 10.560 GC heap after
{Heap after GC invocations=14 (full 0):
 garbage-first heap   total 98304K, used 35538K [0x0000000080000000, 0x0000000100000000)
  region size 1024K, 6 young (6144K), 6 survivors (6144K)
 Metaspace       used 42147K, committed 42688K, reserved 1114112K
  class space    used 4678K, committed 4928K, reserved 1048576K
}

