# JRE version: OpenJDK Runtime Environment Temurin-17.0.7+7 (17.0.7+7) (build 17.0.7+7)
# Java VM: OpenJDK 64-Bit Server VM Temurin-17.0.7+7 (17.0.7+7, mixed mode, tiered, compressed oops, compressed class ptrs, g1 gc, windows-amd64)
GC Precious Log:
 CPUs: 4 total, 4 available
 Memory: 7975M
 Large Page Support: Disabled
 NUMA Support: Disabled
 Compressed Oops: Enabled (32-bit)
 Heap Region Size: 1M
 Heap Min Capacity: 8M
 Heap Initial Capacity: 126M
 Heap Max Capacity: 2G
 Pre-touch: Disabled
 Parallel Workers: 4
 Concurrent Workers: 1
 Concurrent Refinement Workers: 4
 Periodic GC: Disabled
Heap:
 garbage-first heap   total 100352K, used 64171K [0x0000000080000000, 0x0000000100000000)
  region size 1024K, 34 young (34816K), 5 survivors (5120K)
 Metaspace       used 43213K, committed 43776K, reserved 1114112K
  class space    used 4788K, committed 5056K, reserved 1048576K
GC Heap History (20 events):
Event: 4.560 GC heap before
{Heap before GC invocations=4 (full 0):
 garbage-first heap   total 129024K, used 22563K [0x0000000080000000, 0x0000000100000000)
  region size 1024K, 9 young (9216K), 8 survivors (8192K)
 Metaspace       used 21359K, committed 21504K, reserved 1114112K
  class space    used 2234K, committed 2304K, reserved 1048576K
}
Event: 4.568 GC heap after
{Heap after GC invocations=5 (full 0):
 garbage-first heap   total 129024K, used 21454K [0x0000000080000000, 0x0000000100000000)
  region size 1024K, 1 young (1024K), 1 survivors (1024K)
 Metaspace       used 21359K, committed 21504K, reserved 1114112K
  class space    used 2234K, committed 2304K, reserved 1048576K
}
Event: 4.949 GC heap before
{Heap before GC invocations=6 (full 0):
 garbage-first heap   total 78848K, used 66510K [0x0000000080000000, 0x0000000100000000)
  region size 1024K, 46 young (47104K), 1 survivors (1024K)
 Metaspace       used 22148K, committed 22400K, reserved 1114112K
  class space    used 2310K, committed 2432K, reserved 1048576K
}
Event: 4.952 GC heap after
{Heap after GC invocations=7 (full 0):
 garbage-first heap   total 78848K, used 21527K [0x0000000080000000, 0x0000000100000000)
  region size 1024K, 1 young (1024K), 1 survivors (1024K)
 Metaspace       used 22148K, committed 22400K, reserved 1114112K
  class space    used 2310K, committed 2432K, reserved 1048576K
}
Event: 4.978 GC heap before
{Heap before GC invocations=7 (full 0):
 garbage-first heap   total 78848K, used 23575K [0x0000000080000000, 0x0000000100000000)
  region size 1024K, 3 young (3072K), 1 survivors (1024K)
 Metaspace       used 22320K, committed 22528K, reserved 1114112K
  class space    used 2323K, committed 2432K, reserved 1048576K
}
Event: 4.979 GC heap after
{Heap after GC invocations=8 (full 0):
 garbage-first heap   total 78848K, used 21652K [0x0000000080000000, 0x0000000100000000)
  region size 1024K, 1 young (1024K), 1 survivors (1024K)
 Metaspace       used 22320K, committed 22528K, reserved 1114112K
  class space    used 2323K, committed 2432K, reserved 1048576K
}
Event: 5.978 GC heap before
{Heap before GC invocations=8 (full 0):
 garbage-first heap   total 78848K, used 57492K [0x0000000080000000, 0x0000000100000000)
  region size 1024K, 36 young (36864K), 1 survivors (1024K)
 Metaspace       used 27168K, committed 27456K, reserved 1114112K
  class space    used 2834K, committed 2944K, reserved 1048576K
}
Event: 5.984 GC heap after
{Heap after GC invocations=9 (full 0):
 garbage-first heap   total 78848K, used 24839K [0x0000000080000000, 0x0000000100000000)
  region size 1024K, 4 young (4096K), 4 survivors (4096K)
 Metaspace       used 27168K, committed 27456K, reserved 1114112K
  class space    used 2834K, committed 2944K, reserved 1048576K
}
Event: 6.515 GC heap before
{Heap before GC invocations=9 (full 0):
 garbage-first heap   total 78848K, used 58631K [0x0000000080000000, 0x0000000100000000)
  region size 1024K, 37 young (37888K), 4 survivors (4096K)
 Metaspace       used 30637K, committed 31040K, reserved 1114112K
  class space    used 3270K, committed 3456K, reserved 1048576K
}
Event: 6.523 GC heap after
{Heap after GC invocations=10 (full 0):
 garbage-first heap   total 78848K, used 26587K [0x0000000080000000, 0x0000000100000000)
  region size 1024K, 2 young (2048K), 2 survivors (2048K)
 Metaspace       used 30637K, committed 31040K, reserved 1114112K
  class space    used 3270K, committed 3456K, reserved 1048576K
}
Event: 6.748 GC heap before
{Heap before GC invocations=10 (full 0):
 garbage-first heap   total 78848K, used 61403K [0x0000000080000000, 0x0000000100000000)
  region size 1024K, 34 young (34816K), 2 survivors (2048K)
 Metaspace       used 31849K, committed 32192K, reserved 1114112K
  class space    used 3350K, committed 3520K, reserved 1048576K
}
Event: 6.752 GC heap after
{Heap after GC invocations=11 (full 0):
 garbage-first heap   total 78848K, used 27022K [0x0000000080000000, 0x0000000100000000)
  region size 1024K, 3 young (3072K), 3 survivors (3072K)
 Metaspace       used 31849K, committed 32192K, reserved 1114112K
  class space    used 3350K, committed 3520K, reserved 1048576K
}
Event: 7.158 GC heap before
{Heap before GC invocations=11 (full 0):
 garbage-first heap   total 78848K, used 60814K [0x0000000080000000, 0x0000000100000000)
  region size 1024K, 36 young (36864K), 3 survivors (3072K)
 Metaspace       used 32153K, committed 32576K, reserved 1114112K
  class space    used 3376K, committed 3584K, reserved 1048576K
}
Event: 7.165 GC heap after
{Heap after GC invocations=12 (full 0):
 garbage-first heap   total 100352K, used 28257K [0x0000000080000000, 0x0000000100000000)
  region size 1024K, 4 young (4096K), 4 survivors (4096K)
 Metaspace       used 32153K, committed 32576K, reserved 1114112K
  class space    used 3376K, committed 3584K, reserved 1048576K
}
Event: 7.766 GC heap before
{Heap before GC invocations=12 (full 0):
 garbage-first heap   total 100352K, used 77409K [0x0000000080000000, 0x0000000100000000)
  region size 1024K, 52 young (53248K), 4 survivors (4096K)
 Metaspace       used 34295K, committed 34688K, reserved 1114112K
  class space    used 3613K, committed 3776K, reserved 1048576K
}
Event: 7.777 GC heap after
{Heap after GC invocations=13 (full 0):
 garbage-first heap   total 100352K, used 30780K [0x0000000080000000, 0x0000000100000000)
  region size 1024K, 6 young (6144K), 6 survivors (6144K)
 Metaspace       used 34295K, committed 34688K, reserved 1114112K
  class space    used 3613K, committed 3776K, reserved 1048576K
}
Event: 8.700 GC heap before
{Heap before GC invocations=13 (full 0):
 garbage-first heap   total 100352K, used 49212K [0x0000000080000000, 0x0000000100000000)
  region size 1024K, 25 young (25600K), 6 survivors (6144K)
 Metaspace       used 35524K, committed 35968K, reserved 1114112K
  class space    used 3766K, committed 3968K, reserved 1048576K
}
Event: 8.713 GC heap after
{Heap after GC invocations=14 (full 0):
 garbage-first heap   total 100352K, used 32160K [0x0000000080000000, 0x0000000100000000)
  region size 1024K, 4 young (4096K), 4 survivors (4096K)
 Metaspace       used 35524K, committed 35968K, reserved 1114112K
  class space    used 3766K, committed 3968K, reserved 1048576K
}
Event: 22.521 GC heap before
{Heap before GC invocations=15 (full 0):
 garbage-first heap   total 100352K, used 78240K [0x0000000080000000, 0x0000000100000000)
  region size 1024K, 50 young (51200K), 4 survivors (4096K)
 Metaspace       used 42593K, committed 43136K, reserved 1114112K
  class space    used 4735K, committed 4992K, reserved 1048576K
}
Event: 22.533 GC heap after
{Heap after GC invocations=16 (full 0):
 garbage-first heap   total 100352K, used 35499K [0x0000000080000000, 0x0000000100000000)
  region size 1024K, 5 young (5120K), 5 survivors (5120K)
 Metaspace       used 42593K, committed 43136K, reserved 1114112K
  class space    used 4735K, committed 4992K, reserved 1048576K
}

